# JRE version: OpenJDK Runtime Environment (14.0.1+7) (build 14.0.1+7)
# Java VM: OpenJDK 64-Bit Server VM (14.0.1+7, mixed mode, sharing, tiered, compressed oops, g1 gc, windows-amd64)
Heap:
 garbage-first heap   total 58368K, used 26279K [0x0000000080a00000, 0x0000000100000000)
  region size 1024K, 23 young (23552K), 10 survivors (10240K)
 Metaspace       used 21075K, capacity 22089K, committed 22400K, reserved 1069056K
  class space    used 2923K, capacity 3330K, committed 3456K, reserved 1048576K
GC Heap History (6 events):
Event: 1.104 GC heap before
{Heap before GC invocations=0 (full 0):
 garbage-first heap   total 131072K, used 12288K [0x0000000080a00000, 0x0000000100000000)
  region size 1024K, 13 young (13312K), 0 survivors (0K)
 Metaspace       used 3238K, capacity 6018K, committed 6144K, reserved 1056768K
  class space    used 373K, capacity 650K, committed 768K, reserved 1048576K
}
Event: 1.107 GC heap after
{Heap after GC invocations=1 (full 0):
 garbage-first heap   total 131072K, used 2318K [0x0000000080a00000, 0x0000000100000000)
  region size 1024K, 2 young (2048K), 2 survivors (2048K)
 Metaspace       used 3238K, capacity 6018K, committed 6144K, reserved 1056768K
  class space    used 373K, capacity 650K, committed 768K, reserved 1048576K
}
Event: 1.560 GC heap before
{Heap before GC invocations=1 (full 0):
 garbage-first heap   total 131072K, used 17678K [0x0000000080a00000, 0x0000000100000000)
  region size 1024K, 18 young (18432K), 2 survivors (2048K)
 Metaspace       used 8672K, capacity 9904K, committed 9984K, reserved 1058816K
  class space    used 1084K, capacity 1243K, committed 1280K, reserved 1048576K
}
Event: 1.564 GC heap after
{Heap after GC invocations=2 (full 0):
 garbage-first heap   total 131072K, used 4892K [0x0000000080a00000, 0x0000000100000000)
  region size 1024K, 3 young (3072K), 3 survivors (3072K)
 Metaspace       used 8672K, capacity 9904K, committed 9984K, reserved 1058816K
  class space    used 1084K, capacity 1243K, committed 1280K, reserved 1048576K
}
Event: 6.741 GC heap before
{Heap before GC invocations=2 (full 0):
 garbage-first heap   total 131072K, used 57116K [0x0000000080a00000, 0x0000000100000000)
  region size 1024K, 53 young (54272K), 3 survivors (3072K)
 Metaspace       used 20132K, capacity 21148K, committed 21248K, reserved 1067008K
  class space    used 2883K, capacity 3276K, committed 3328K, reserved 1048576K
}
Event: 6.752 GC heap after
{Heap after GC invocations=3 (full 0):
 garbage-first heap   total 131072K, used 13991K [0x0000000080a00000, 0x0000000100000000)
  region size 1024K, 10 young (10240K), 10 survivors (10240K)
 Metaspace       used 20132K, capacity 21148K, committed 21248K, reserved 1067008K
  class space    used 2883K, capacity 3276K, committed 3328K, reserved 1048576K
}

